Arguments: 
  /usr/bin/node /mnt/c/Program Files (x86)/Yarn/bin/yarn.js local-single-site-build

PATH: 
  /home/kriyanshi/mercury-2.3.7/menv/bin:/home/kriyanshi/.vscode-server/bin/0ee08df0cf4527e40edc9aa28f4b5bd38bbff2b2/bin/remote-cli:/home/kriyanshi/.local/bin:/home/kriyanshi/.cargo/bin:/usr/local/sbin:/usr/local/bin:/usr/sbin:/usr/bin:/sbin:/bin:/usr/games:/usr/local/games:/usr/lib/wsl/lib:/mnt/c/Python311/Scripts/:/mnt/c/Python311/:/mnt/c/Program Files/Common Files/Oracle/Java/javapath:/mnt/c/windows/system32:/mnt/c/windows:/mnt/c/windows/System32/Wbem:/mnt/c/windows/System32/WindowsPowerShell/v1.0/:/mnt/c/windows/System32/OpenSSH/:/mnt/c/Program Files/Git/cmd:/mnt/c/ProgramData/chocolatey/bin:/mnt/c/Program Files/Docker/Docker/resources/bin:/mnt/c/Program Files (x86)/Yarn/bin/:/mnt/c/Users/Kriyanshi Shah/AppData/Local/Programs/Python/Python39/Scripts/:/mnt/c/Users/Kriyanshi Shah/AppData/Local/Programs/Python/Python39/:/mnt/c/Users/Kriyanshi Shah/AppData/Local/Microsoft/WindowsApps:/mnt/c/Users/Kriyanshi Shah/AppData/Local/Programs/Microsoft VS Code/bin:/mnt/c/Program Files/heroku/bin:/mnt/c/Users/Kriyanshi Shah/Development/sdks/flutter/bin:/mnt/c/Users/Kriyanshi Shah/AppData/Roaming/npm:/mnt/c/Users/Kriyanshi Shah/AppData/Local/Yarn/bin:/mnt/c/Users/Kriyanshi Shah/AppData/Roaming/nvm:/mnt/c/Program Files/nodejs:/snap/bin

Yarn version: 
  1.22.19

Node version: 
  12.22.9

Platform: 
  linux x64

Trace: 
  SyntaxError: /home/kriyanshi/mercury-2.3.7/scripts/package.json: Unexpected token : in JSON at position 12
      at JSON.parse (<anonymous>)
      at /mnt/c/Program Files (x86)/Yarn/lib/cli.js:1629:59
      at Generator.next (<anonymous>)
      at step (/mnt/c/Program Files (x86)/Yarn/lib/cli.js:310:30)
      at /mnt/c/Program Files (x86)/Yarn/lib/cli.js:321:13

npm manifest: 
  "homepage": "http://mydomain.com/example/to/replace",

yarn manifest: 
  No manifest

Lockfile: 
  # THIS IS AN AUTOGENERATED FILE. DO NOT EDIT THIS FILE DIRECTLY.
  # yarn lockfile v1
